<?xml version="1.0" encoding="UTF-8" ?>
<testsuite failures="0" time="0.098" errors="1" skipped="0" tests="1" name="net.jdft.fixedlength.FormatConversionTest">
  <properties>
    <property name="java.runtime.name" value="Java(TM) SE Runtime Environment"/>
    <property name="sun.boot.library.path" value="C:\Java\jdk1.6.0_45\jre\bin"/>
    <property name="java.vm.version" value="20.45-b01"/>
    <property name="java.vm.vendor" value="Sun Microsystems Inc."/>
    <property name="java.vendor.url" value="http://java.sun.com/"/>
    <property name="path.separator" value=";"/>
    <property name="guice.disable.misplaced.annotation.check" value="true"/>
    <property name="java.vm.name" value="Java HotSpot(TM) Client VM"/>
    <property name="file.encoding.pkg" value="sun.io"/>
    <property name="user.country" value="KR"/>
    <property name="sun.java.launcher" value="SUN_STANDARD"/>
    <property name="sun.os.patch.level" value="Service Pack 1"/>
    <property name="java.vm.specification.name" value="Java Virtual Machine Specification"/>
    <property name="user.dir" value="D:\work\00.tsis\00.2013\00.MTEvent고도화\00.MTEvent\31.Implement\jdft"/>
    <property name="java.runtime.version" value="1.6.0_45-b06"/>
    <property name="java.awt.graphicsenv" value="sun.awt.Win32GraphicsEnvironment"/>
    <property name="java.endorsed.dirs" value="C:\Java\jdk1.6.0_45\jre\lib\endorsed"/>
    <property name="os.arch" value="x86"/>
    <property name="java.io.tmpdir" value="C:\Users\manjin\AppData\Local\Temp\"/>
    <property name="line.separator" value="
"/>
    <property name="java.vm.specification.vendor" value="Sun Microsystems Inc."/>
    <property name="user.variant" value=""/>
    <property name="os.name" value="Windows 7"/>
    <property name="classworlds.conf" value="C:\tools\apache-maven-3.1.0\bin\m2.conf"/>
    <property name="sun.jnu.encoding" value="MS949"/>
    <property name="java.library.path" value="C:\Java\jdk1.6.0_45\bin;C:\Windows\Sun\Java\bin;C:\Windows\system32;C:\Windows;C:\TmaxSoft\JEUS5.0\bin;C:\TmaxSoft\JEUS5.0\lib\system;C:\Windows\system32;C:\Windows;C:\Windows\System32\Wbem;C:\Windows\System32\WindowsPowerShell\v1.0\;C:\Program Files\ATI Technologies\ATI.ACE\Core-Static;C:\Program Files\TortoiseSVN\bin;C:\TmaxSoft\JEUS5.0\bin;C:\TmaxSoft\JEUS5.0\lib\system;C:\TmaxSoft\JEUS5.0\webserver\bin;C:\Users\manjin\AppData\Local\Bandizip\7z;C:\Java\jdk1.6.0_45\bin;C:\tools\apache-maven-3.1.0\bin;."/>
    <property name="java.specification.name" value="Java Platform API Specification"/>
    <property name="java.class.version" value="50.0"/>
    <property name="sun.management.compiler" value="HotSpot Client Compiler"/>
    <property name="os.version" value="6.1"/>
    <property name="user.home" value="C:\Users\manjin"/>
    <property name="user.timezone" value="Asia/Seoul"/>
    <property name="java.awt.printerjob" value="sun.awt.windows.WPrinterJob"/>
    <property name="file.encoding" value="MS949"/>
    <property name="java.specification.version" value="1.6"/>
    <property name="user.name" value="manjin"/>
    <property name="java.class.path" value="C:\tools\apache-maven-3.1.0\boot\plexus-classworlds-2.4.2.jar"/>
    <property name="org.slf4j.simpleLogger.defaultLogLevel" value="info"/>
    <property name="java.vm.specification.version" value="1.0"/>
    <property name="sun.arch.data.model" value="32"/>
    <property name="java.home" value="C:\Java\jdk1.6.0_45\jre"/>
    <property name="sun.java.command" value="org.codehaus.plexus.classworlds.launcher.Launcher install"/>
    <property name="java.specification.vendor" value="Sun Microsystems Inc."/>
    <property name="user.language" value="ko"/>
    <property name="awt.toolkit" value="sun.awt.windows.WToolkit"/>
    <property name="java.vm.info" value="mixed mode, sharing"/>
    <property name="java.version" value="1.6.0_45"/>
    <property name="java.ext.dirs" value="C:\Java\jdk1.6.0_45\jre\lib\ext;C:\Windows\Sun\Java\lib\ext"/>
    <property name="sun.boot.class.path" value="C:\Java\jdk1.6.0_45\jre\lib\resources.jar;C:\Java\jdk1.6.0_45\jre\lib\rt.jar;C:\Java\jdk1.6.0_45\jre\lib\sunrsasign.jar;C:\Java\jdk1.6.0_45\jre\lib\jsse.jar;C:\Java\jdk1.6.0_45\jre\lib\jce.jar;C:\Java\jdk1.6.0_45\jre\lib\charsets.jar;C:\Java\jdk1.6.0_45\jre\lib\modules\jdk.boot.jar;C:\Java\jdk1.6.0_45\jre\classes"/>
    <property name="java.vendor" value="Sun Microsystems Inc."/>
    <property name="maven.home" value="C:\tools\apache-maven-3.1.0"/>
    <property name="file.separator" value="\"/>
    <property name="java.vendor.url.bug" value="http://java.sun.com/cgi-bin/bugreport.cgi"/>
    <property name="sun.cpu.endian" value="little"/>
    <property name="sun.io.unicode.encoding" value="UnicodeLittle"/>
    <property name="sun.desktop" value="windows"/>
    <property name="sun.cpu.isalist" value="pentium_pro+mmx pentium_pro pentium+mmx pentium i486 i386 i86"/>
  </properties>
  <testcase time="0.098" classname="net.jdft.fixedlength.FormatConversionTest" name="testPool">
    <error message="from tag에서 format attribute는 필수임" type="java.lang.IllegalArgumentException">java.lang.IllegalArgumentException: from tag에서 format attribute는 필수임
	at net.jdft.config.from.FromConfig.create(FromConfig.java:22)
	at net.jdft.config.ConversionConfig.create(ConversionConfig.java:35)
	at net.jdft.config.TransformConfig.create(TransformConfig.java:33)
	at net.jdft.config.FormatConversionConfig.create(FormatConversionConfig.java:42)
	at net.jdft.FormatTransformation.load(FormatTransformation.java:77)
	at net.jdft.FormatTransformation.start(FormatTransformation.java:52)
	at net.jdft.fixedlength.FormatConversionTest.setUp(FormatConversionTest.java:23)
	at junit.framework.TestCase.runBare(TestCase.java:139)
	at junit.framework.TestResult$1.protect(TestResult.java:122)
	at junit.framework.TestResult.runProtected(TestResult.java:142)
	at junit.framework.TestResult.run(TestResult.java:125)
	at junit.framework.TestCase.run(TestCase.java:129)
	at junit.framework.TestSuite.runTest(TestSuite.java:255)
	at junit.framework.TestSuite.run(TestSuite.java:250)
	at org.junit.internal.runners.JUnit38ClassRunner.run(JUnit38ClassRunner.java:84)
	at org.apache.maven.surefire.junit4.JUnit4Provider.execute(JUnit4Provider.java:252)
	at org.apache.maven.surefire.junit4.JUnit4Provider.executeTestSet(JUnit4Provider.java:141)
	at org.apache.maven.surefire.junit4.JUnit4Provider.invoke(JUnit4Provider.java:112)
	at sun.reflect.NativeMethodAccessorImpl.invoke0(Native Method)
	at sun.reflect.NativeMethodAccessorImpl.invoke(NativeMethodAccessorImpl.java:39)
	at sun.reflect.DelegatingMethodAccessorImpl.invoke(DelegatingMethodAccessorImpl.java:25)
	at java.lang.reflect.Method.invoke(Method.java:597)
	at org.apache.maven.surefire.util.ReflectionUtils.invokeMethodWithArray(ReflectionUtils.java:189)
	at org.apache.maven.surefire.booter.ProviderFactory$ProviderProxy.invoke(ProviderFactory.java:165)
	at org.apache.maven.surefire.booter.ProviderFactory.invokeProvider(ProviderFactory.java:85)
	at org.apache.maven.surefire.booter.ForkedBooter.runSuitesInProcess(ForkedBooter.java:115)
	at org.apache.maven.surefire.booter.ForkedBooter.main(ForkedBooter.java:75)
</error>
    <system-out>804 [main] WARN net.jdft.converter.ConverterRegistry  - 사용자 class path에(user.dir : D:\work\00.tsis\00.2013\00.MTEvent고도화\00.MTEvent\31.Implement\jdft\modules\jdft-soap) 설정된 jar 파일이 없음.
804 [main] WARN net.jdft.converter.ConverterRegistry  - 사용자 class path에(user.dir : D:\work\00.tsis\00.2013\00.MTEvent고도화\00.MTEvent\31.Implement\jdft\modules\jdft-soap) 설정된 jar 파일이 없음.
804 [main] WARN net.jdft.converter.ConverterRegistry  - 사용자 class path에(user.dir : D:\work\00.tsis\00.2013\00.MTEvent고도화\00.MTEvent\31.Implement\jdft\modules\jdft-soap) 설정된 jar 파일이 없음.
804 [main] WARN net.jdft.converter.ConverterRegistry  - 사용자 class path에(user.dir : D:\work\00.tsis\00.2013\00.MTEvent고도화\00.MTEvent\31.Implement\jdft\modules\jdft-soap) 설정된 jar 파일이 없음.
804 [main] WARN net.jdft.converter.ConverterRegistry  - 사용자 class path에(user.dir : D:\work\00.tsis\00.2013\00.MTEvent고도화\00.MTEvent\31.Implement\jdft\modules\jdft-soap) 설정된 jar 파일이 없음.
</system-out>
  </testcase>
</testsuite>